<?xml version="1.0"?>
<testsuites tests="3" failures="1" time="9.828">
  <testsuite name="test_k6.js" tests="3" failures="1" time="9.828" timestamp="2025-02-26T14:42:25.263Z">
    <testcase name="http_req_duration">
      <failure message="   ✗ http_req_duration..............: avg=43.9ms   min=38.38ms med=42.91ms max=313.12ms p(90)=47.46ms p(95)=49.62ms">   ✗ http_req_duration..............: avg=43.9ms   min=38.38ms med=42.91ms max=313.12ms p(90)=47.46ms p(95)=49.62ms</failure>
      <system-out>   ✗ http_req_duration..............: avg=43.9ms   min=38.38ms med=42.91ms max=313.12ms p(90)=47.46ms p(95)=49.62ms</system-out>
    </testcase>
    <testcase name="http_req_failed">
      <system-out>   ✓ http_req_failed................: 0.00%   0 out of 1581</system-out>
    </testcase>
    <testcase name="http_reqs">
      <system-out>   ✓ http_reqs......................: 1581    157.48763/s</system-out>
    </testcase>
    <system-out>
      <![CDATA[
         /\      Grafana   /‾‾/  
    /\  /  \     |\  __   /  /   
   /  \/    \    | |/ /  /   ‾‾\ 
  /          \   |   (  |  (‾)  |
 / __________ \  |_|\_\  \_____/ 

     execution: local
        script: test_k6.js
        output: -

     scenarios: (100.00%) 1 scenario, 10 max VUs, 40s max duration (incl. graceful stop):
              * default: Up to 10 looping VUs for 10s over 1 stages (gracefulRampDown: 30s, gracefulStop: 30s)


running (01.0s), 05/10 VUs, 97 complete and 0 interrupted iterations
default   [  10% ] 05/10 VUs  01.0s/10.0s

running (02.0s), 05/10 VUs, 210 complete and 0 interrupted iterations
default   [  20% ] 05/10 VUs  02.0s/10.0s

running (03.0s), 06/10 VUs, 345 complete and 0 interrupted iterations
default   [  30% ] 06/10 VUs  03.0s/10.0s

running (04.0s), 06/10 VUs, 482 complete and 0 interrupted iterations
default   [  40% ] 06/10 VUs  04.0s/10.0s

running (05.0s), 07/10 VUs, 642 complete and 0 interrupted iterations
default   [  50% ] 07/10 VUs  05.0s/10.0s

running (06.0s), 07/10 VUs, 801 complete and 0 interrupted iterations
default   [  60% ] 07/10 VUs  06.0s/10.0s

running (07.0s), 08/10 VUs, 981 complete and 0 interrupted iterations
default   [  70% ] 08/10 VUs  07.0s/10.0s

running (08.0s), 08/10 VUs, 1164 complete and 0 interrupted iterations
default   [  80% ] 08/10 VUs  08.0s/10.0s

running (09.0s), 09/10 VUs, 1369 complete and 0 interrupted iterations
default   [  90% ] 09/10 VUs  09.0s/10.0s

running (10.0s), 09/10 VUs, 1572 complete and 0 interrupted iterations
default   [ 100% ] 09/10 VUs  10.0s/10.0s

     █ JSON Placeholder Performance Testing

       █ Posts endpoint

         ✓ is status code 200

     checks.........................: 100.00% 1581 out of 1581
     data_received..................: 46 MB   4.5 MB/s
     data_sent......................: 157 kB  16 kB/s
     group_duration.................: avg=44.32ms  min=38.38ms med=43.09ms max=313.12ms p(90)=47.57ms p(95)=50.08ms
     http_req_blocked...............: avg=257.25µs min=0s      med=0s      max=51.13ms  p(90)=0s      p(95)=0s     
     http_req_connecting............: avg=211.81µs min=0s      med=0s      max=39.91ms  p(90)=0s      p(95)=0s     
   ✗ http_req_duration..............: avg=43.9ms   min=38.38ms med=42.91ms max=313.12ms p(90)=47.46ms p(95)=49.62ms
       { expected_response:true }...: avg=43.9ms   min=38.38ms med=42.91ms max=313.12ms p(90)=47.46ms p(95)=49.62ms
   ✓ http_req_failed................: 0.00%   0 out of 1581
     http_req_receiving.............: avg=802.86µs min=0s      med=597µs   max=6.12ms   p(90)=2.07ms  p(95)=2.53ms 
     http_req_sending...............: avg=19.39µs  min=0s      med=0s      max=1.51ms   p(90)=0s      p(95)=0s     
     http_req_tls_handshaking.......: avg=0s       min=0s      med=0s      max=0s       p(90)=0s      p(95)=0s     
     http_req_waiting...............: avg=43.08ms  min=37.64ms med=42.06ms max=313.12ms p(90)=46.6ms  p(95)=49.07ms
   ✓ http_reqs......................: 1581    157.48763/s
     iteration_duration.............: avg=44.34ms  min=38.38ms med=43.11ms max=313.12ms p(90)=47.58ms p(95)=50.08ms
     iterations.....................: 1581    157.48763/s
     vus............................: 9       min=5            max=9 
     vus_max........................: 10      min=10           max=10
]]>
    </system-out>
  </testsuite>
</testsuites>